<?xml version="1.0" encoding="utf-8"?><testsuites name="pytest tests"><testsuite name="pytest" errors="0" failures="0" skipped="1" tests="567" time="49.005" timestamp="2026-09-04T13:34:59.091278+08:00" hostname="DESKTOP-95I7VVU"><testcase classname="tests.test_poe_subd_159985_cross_validated_fallback" name="test_direct_sina_loader_parses_raw_daily_close_without_akshare[v1_1]" time="0.979" /><testcase classname="tests.test_poe_subd_159985_cross_validated_fallback" name="test_direct_sina_loader_parses_raw_daily_close_without_akshare[mixed_v1_3]" time="0.010" /><testcase classname="tests.test_poe_subd_159985_cross_validated_fallback" name="test_direct_sina_loader_parses_raw_daily_close_without_akshare[six_etf_v1_3]" time="0.007" /><testcase classname="tests.test_poe_subd_159985_cross_validated_fallback" name="test_direct_cnfin_loader_parses_raw_daily_close[v1_1]" time="0.010" /><testcase classname="tests.test_poe_subd_159985_cross_validated_fallback" name="test_direct_cnfin_loader_parses_raw_daily_close[mixed_v1_3]" time="0.012" /><testcase classname="tests.test_poe_subd_159985_cross_validated_fallback" name="test_direct_cnfin_loader_parses_raw_daily_close[six_etf_v1_3]" time="0.009" /><testcase classname="tests.test_poe_subd_159985_cross_validated_fallback" name="test_cross_validated_raw_uses_only_common_dates[v1_1]" time="0.022" /><testcase classname="tests.test_poe_subd_159985_cross_validated_fallback" name="test_cross_validated_raw_uses_only_common_dates[mixed_v1_3]" time="0.017" /><testcase classname="tests.test_poe_subd_159985_cross_validated_fallback" name="test_cross_validated_raw_uses_only_common_dates[six_etf_v1_3]" time="0.017" /><testcase classname="tests.test_poe_subd_159985_cross_validated_fallback" name="test_cross_validated_raw_rejects_invalid_contract[v1_1-513030.SH-2019-12-05-600-0.0-unsupported]" time="0.014" /><testcase classname="tests.test_poe_subd_159985_cross_validated_fallback" name="test_cross_validated_raw_rejects_invalid_contract[v1_1-159985.SZ-2019-12-06-600-0.0-listing]" time="0.014" /><testcase classname="tests.test_poe_subd_159985_cross_validated_fallback" name="test_cross_validated_raw_rejects_invalid_contract[v1_1-159985.SZ-2019-12-05-499-0.0-overlap]" time="0.011" /><testcase classname="tests.test_poe_subd_159985_cross_validated_fallback" name="test_cross_validated_raw_rejects_invalid_contract[v1_1-159985.SZ-2019-12-05-600-0.002-difference]" time="0.015" /><testcase classname="tests.test_poe_subd_159985_cross_validated_fallback" name="test_cross_validated_raw_rejects_invalid_contract[mixed_v1_3-513030.SH-2019-12-05-600-0.0-unsupported]" time="0.015" /><testcase classname="tests.test_poe_subd_159985_cross_validated_fallback" name="test_cross_validated_raw_rejects_invalid_contract[mixed_v1_3-159985.SZ-2019-12-06-600-0.0-listing]" time="0.014" /><testcase classname="tests.test_poe_subd_159985_cross_validated_fallback" name="test_cross_validated_raw_rejects_invalid_contract[mixed_v1_3-159985.SZ-2019-12-05-499-0.0-overlap]" time="0.013" /><testcase classname="tests.test_poe_subd_159985_cross_validated_fallback" name="test_cross_validated_raw_rejects_invalid_contract[mixed_v1_3-159985.SZ-2019-12-05-600-0.002-difference]" time="0.014" /><testcase classname="tests.test_poe_subd_159985_cross_validated_fallback" name="test_cross_validated_raw_rejects_invalid_contract[six_etf_v1_3-513030.SH-2019-12-05-600-0.0-unsupported]" time="0.017" /><testcase classname="tests.test_poe_subd_159985_cross_validated_fallback" name="test_cross_validated_raw_rejects_invalid_contract[six_etf_v1_3-159985.SZ-2019-12-06-600-0.0-listing]" time="0.014" /><testcase classname="tests.test_poe_subd_159985_cross_validated_fallback" name="test_cross_validated_raw_rejects_invalid_contract[six_etf_v1_3-159985.SZ-2019-12-05-499-0.0-overlap]" time="0.013" /><testcase classname="tests.test_poe_subd_159985_cross_validated_fallback" name="test_cross_validated_raw_rejects_invalid_contract[six_etf_v1_3-159985.SZ-2019-12-05-600-0.002-difference]" time="0.014" /><testcase classname="tests.test_poe_subd_159985_cross_validated_fallback" name="test_public_loader_uses_cross_validated_raw_only_after_qfq_failures[v1_1]" time="0.015" /><testcase classname="tests.test_poe_subd_159985_cross_validated_fallback" name="test_public_loader_uses_cross_validated_raw_only_after_qfq_failures[mixed_v1_3]" time="0.016" /><testcase classname="tests.test_poe_subd_159985_cross_validated_fallback" name="test_public_loader_uses_cross_validated_raw_only_after_qfq_failures[six_etf_v1_3]" time="0.020" /><testcase classname="tests.test_poe_subd_159985_cross_validated_fallback" name="test_public_loader_never_tries_raw_pair_for_other_codes[v1_1]" time="0.007" /><testcase classname="tests.test_poe_subd_159985_cross_validated_fallback" name="test_public_loader_never_tries_raw_pair_for_other_codes[mixed_v1_3]" time="0.007" /><testcase classname="tests.test_poe_subd_159985_cross_validated_fallback" name="test_public_loader_never_tries_raw_pair_for_other_codes[six_etf_v1_3]" time="0.005" /><testcase classname="tests.test_poe_subd_external_review_regressions" name="test_performance_rendered_state_is_isolated_between_contexts" time="0.008" /><testcase classname="tests.test_poe_subd_external_review_regressions" name="test_performance_run_uses_only_its_request_rendered_state" time="0.007" /><testcase classname="tests.test_poe_subd_external_review_regressions" name="test_performance_run_suppresses_second_response_after_own_render" time="0.007" /><testcase classname="tests.test_poe_subd_external_review_regressions" name="test_public_loader_rejects_raw_fallback_when_qfq_sources_fail" time="0.006" /><testcase classname="tests.test_poe_subd_external_review_regressions" name="test_eastmoney_qfq_fallback_uses_canonical_adjustment_detail" time="0.008" /><testcase classname="tests.test_poe_subd_external_review_regressions" name="test_tencent_qfq_fallback_uses_canonical_adjustment_detail" time="0.008" /><testcase classname="tests.test_poe_subd_external_review_regressions" name="test_tencent_qfq_loader_pages_until_full_history" time="0.212" /><testcase classname="tests.test_poe_subd_external_review_regressions" name="test_tencent_qfq_loader_accepts_verified_day_key[513030.SH-sh513030]" time="0.009" /><testcase classname="tests.test_poe_subd_external_review_regressions" name="test_tencent_qfq_loader_accepts_verified_day_key[513520.SH-sh513520]" time="0.009" /><testcase classname="tests.test_poe_subd_external_review_regressions" name="test_tencent_qfq_loader_accepts_verified_day_key[159985.SZ-sz159985]" time="0.009" /><testcase classname="tests.test_poe_subd_external_review_regressions" name="test_tencent_qfq_loader_rejects_day_key_for_non_allowlisted_code" time="0.007" /><testcase classname="tests.test_poe_subd_external_review_regressions" name="test_tencent_verified_day_detail_reaches_source_metadata" time="0.009" /><testcase classname="tests.test_poe_subd_external_review_regressions" name="test_tencent_qfq_loader_rejects_day_only_page_after_qfq_history" time="0.006" /><testcase classname="tests.test_poe_subd_external_review_regressions" name="test_tencent_qfq_loader_rejects_provider_failure_after_qfq_history" time="0.044" /><testcase classname="tests.test_poe_subd_external_review_regressions" name="test_poe_bot_obsolete_dead_helpers_are_not_reintroduced" time="0.005" /><testcase classname="tests.test_poe_subd_external_review_regressions" name="test_live_config_source_names_actual_qfq_loader" time="0.007" /><testcase classname="tests.test_poe_subd_external_review_regressions" name="test_signal_handler_uses_daily_cache_instead_of_force_refreshing_every_query" time="0.003" /><testcase classname="tests.test_poe_subd_external_review_regressions" name="test_target_vol_keeps_strategy_return_window_pending_research_adoption" time="0.010" /><testcase classname="tests.test_poe_subd_external_review_regressions" name="test_target_vol_warmup_uses_capped_initial_scale_and_preserves_shift_timing[1.2]" time="0.009" /><testcase classname="tests.test_poe_subd_external_review_regressions" name="test_target_vol_warmup_uses_capped_initial_scale_and_preserves_shift_timing[0.6]" time="0.008" /><testcase classname="tests.test_poe_subd_external_review_regressions" name="test_target_vol_warmup_uses_capped_initial_scale_and_preserves_shift_timing[0.0]" time="0.011" /><testcase classname="tests.test_poe_subd_external_review_regressions" name="test_target_vol_zero_volatility_full_window_uses_max_leverage_next_period" time="0.011" /><testcase classname="tests.test_poe_subd_external_review_regressions" name="test_target_vol_rejects_invalid_parameters[0.0-3-1.2]" time="0.005" /><testcase classname="tests.test_poe_subd_external_review_regressions" name="test_target_vol_rejects_invalid_parameters[-0.1-3-1.2]" time="0.006" /><testcase classname="tests.test_poe_subd_external_review_regressions" name="test_target_vol_rejects_invalid_parameters[nan-3-1.2]" time="0.006" /><testcase classname="tests.test_poe_subd_external_review_regressions" name="test_target_vol_rejects_invalid_parameters[inf-3-1.2]" time="0.005" /><testcase classname="tests.test_poe_subd_external_review_regressions" name="test_target_vol_rejects_invalid_parameters[0.2-True-1.2]" time="0.007" /><testcase classname="tests.test_poe_subd_external_review_regressions" name="test_target_vol_rejects_invalid_parameters[0.2-1-1.2]" time="0.006" /><testcase classname="tests.test_poe_subd_external_review_regressions" name="test_target_vol_rejects_invalid_parameters[0.2-3.0-1.2]" time="0.012" /><testcase classname="tests.test_poe_subd_external_review_regressions" name="test_target_vol_rejects_invalid_parameters[0.2-3--0.1]" time="0.016" /><testcase classname="tests.test_poe_subd_external_review_regressions" name="test_target_vol_rejects_invalid_parameters[0.2-3-nan]" time="0.006" /><testcase classname="tests.test_poe_subd_external_review_regressions" name="test_target_vol_rejects_invalid_parameters[0.2-3-inf]" time="0.006" /><testcase classname="tests.test_poe_subd_external_review_regressions" name="test_target_vol_rejects_nonfinite_returns[nan]" time="0.008" /><testcase classname="tests.test_poe_subd_external_review_regressions" name="test_target_vol_rejects_nonfinite_returns[inf]" time="0.007" /><testcase classname="tests.test_poe_subd_external_review_regressions" name="test_target_vol_rejects_nonfinite_returns[-inf]" time="0.007" /><testcase classname="tests.test_poe_subd_external_review_regressions" name="test_target_vol_rejects_nonfinite_realized_vol_after_warmup" time="0.007" /><testcase classname="tests.test_poe_subd_external_review_regressions" name="test_target_vol_rejects_nullable_missing_return_with_value_error" time="0.007" /><testcase classname="tests.test_poe_subd_external_review_regressions" name="test_target_vol_scale_threshold_starts_from_explicit_initial_scale" time="0.006" /><testcase classname="tests.test_poe_subd_external_review_regressions" name="test_price_forward_fill_metadata_marks_suspended_asset_only" time="0.014" /><testcase classname="tests.test_poe_subd_external_review_regressions" name="test_trade_leg_with_forward_filled_price_blocks_execution" time="0.041" /><testcase classname="tests.test_poe_subd_external_review_regressions" name="test_calendar_failure_reason_prefers_context_local_value" time="0.032" /><testcase classname="tests.test_poe_subd_external_review_regressions" name="test_research_source_names_use_canonical_data_source_labels" time="0.002" /><testcase classname="tests.test_poe_subd_external_review_regressions" name="test_external_http_calls_use_reusable_sessions" time="0.005" /><testcase classname="tests.test_poe_subd_external_review_regressions" name="test_align_prices_forward_fills_single_asset_suspension_after_asset_starts" time="0.015" /><testcase classname="tests.test_poe_subd_external_review_regressions" name="test_align_prices_rejects_missing_common_trading_day" time="0.016" /><testcase classname="tests.test_poe_subd_external_review_regressions" name="test_held_asset_missing_price_raises_instead_of_zero_return" time="0.009" /><testcase classname="tests.test_poe_subd_external_review_regressions" name="test_v11_stale_buy_leg_atomically_blocks_switch" time="0.019" /><testcase classname="tests.test_poe_subd_external_review_regressions" name="test_v11_stale_sell_leg_atomically_blocks_switch" time="0.017" /><testcase classname="tests.test_poe_subd_external_review_regressions" name="test_v11_stale_staged_fill_restores_pending_state_and_counters" time="0.018" /><testcase classname="tests.test_poe_subd_external_review_regressions" name="test_v11_explicit_ffill_mask_is_strictly_validated[missing_date]" time="0.007" /><testcase classname="tests.test_poe_subd_external_review_regressions" name="test_v11_explicit_ffill_mask_is_strictly_validated[missing_asset]" time="0.006" /><testcase classname="tests.test_poe_subd_external_review_regressions" name="test_v11_explicit_ffill_mask_is_strictly_validated[na]" time="0.008" /><testcase classname="tests.test_poe_subd_external_review_regressions" name="test_v11_explicit_ffill_mask_is_strictly_validated[string]" time="0.007" /><testcase classname="tests.test_poe_subd_external_review_regressions" name="test_v11_explicit_ffill_mask_is_strictly_validated[duplicate_date]" time="0.007" /><testcase classname="tests.test_poe_subd_external_review_regressions" name="test_v11_explicit_ffill_mask_is_strictly_validated[intraday]" time="0.007" /><testcase classname="tests.test_poe_subd_external_review_regressions" name="test_v11_live_quote_is_added_to_raw_availability_before_ffill_flags" time="0.011" /><testcase classname="tests.test_poe_subd_external_review_regressions" name="test_v11_live_daily_path_marks_valid_live_quotes_as_not_forward_filled" time="0.064" /><testcase classname="tests.test_poe_subd_external_review_regressions" name="test_v11_build_curves_blocks_stale_target_vol_sell_and_carries_actual_exposure" time="0.036" /><testcase classname="tests.test_poe_subd_external_review_regressions" name="test_v11_build_curves_blocks_stale_overheat_sell_and_carries_actual_exposure" time="0.046" /><testcase classname="tests.test_poe_subd_external_review_regressions" name="test_v11_stale_zero_overheat_recovery_keeps_actual_full_position" time="0.050" /><testcase classname="tests.test_poe_subd_external_review_regressions" name="test_v11_stale_overheat_reentry_waits_for_first_fresh_initial_fill" time="0.050" /><testcase classname="tests.test_poe_subd_external_review_regressions" name="test_v11_recompute_prices_stale_carried_asset_with_its_own_return_and_fails_closed_without_it" time="0.027" /><testcase classname="tests.test_poe_subd_external_review_regressions" name="test_v11_overlay_stale_audit_merges_with_existing_base_block" time="0.013" /><testcase classname="tests.test_poe_subd_external_review_regressions" name="test_overheat_missing_features_keep_defense_on_instead_of_recovering" time="0.027" /><testcase classname="tests.test_poe_subd_external_review_regressions" name="test_overheat_zero_exposure_does_not_complete_staged_fill_in_background" time="0.031" /><testcase classname="tests.test_poe_subd_external_review_regressions" name="test_zero_exposure_trade_text_reports_no_buy_instruction" time="0.006" /><testcase classname="tests.test_poe_subd_external_review_regressions" name="test_performance_rebases_window_start_before_compounding_returns" time="0.020" /><testcase classname="tests.test_poe_subd_external_review_regressions" name="test_performance_handler_reports_na_reason_for_failed_mandatory_windows" time="0.021" /><testcase classname="tests.test_poe_subd_external_review_regressions" name="test_custom_performance_query_keeps_mandatory_windows" time="0.009" /><testcase classname="tests.test_poe_subd_external_review_regressions" name="test_performance_handler_reports_na_when_mandatory_window_history_is_short" time="0.050" /><testcase classname="tests.test_poe_subd_external_review_regressions" name="test_performance_rejects_missing_return_inside_window" time="0.009" /><testcase classname="tests.test_poe_subd_external_review_regressions" name="test_performance_handler_reports_yearly_and_trade_record_failures" time="0.024" /><testcase classname="tests.test_poe_subd_external_review_regressions" name="test_force_refresh_replaces_performance_cache" time="0.010" /><testcase classname="tests.test_poe_subd_external_review_regressions" name="test_call_build_v11_daily_does_not_swallow_internal_unexpected_keyword_typeerror" time="0.006" /><testcase classname="tests.test_poe_subd_external_review_regressions" name="test_performance_preparation_drops_intraday_today_bar" time="0.010" /><testcase classname="tests.test_poe_subd_external_review_regressions" name="test_overheat_guard_recomputes_returns_and_refills_on_actual_down_day" time="0.031" /><testcase classname="tests.test_poe_subd_external_review_regressions" name="test_recompute_nav_does_not_rebalance_same_asset_price_drift_without_signal" time="0.015" /><testcase classname="tests.test_poe_subd_external_review_regressions" name="test_recompute_nav_rebalances_same_asset_when_target_vol_scale_changes" time="0.016" /><testcase classname="tests.test_poe_subd_external_review_regressions" name="test_live_signal_without_today_bar_is_not_tradable" time="0.009" /><testcase classname="tests.test_poe_subd_external_review_regressions" name="test_top_signal_action_uses_drifted_sell_delta" time="0.011" /><testcase classname="tests.test_poe_subd_external_review_regressions" name="test_top_signal_action_for_switch_shows_sell_and_buy_delta" time="0.006" /><testcase classname="tests.test_poe_subd_external_review_regressions" name="test_empty_to_none_treats_pandas_na_as_missing" time="0.005" /><testcase classname="tests.test_poe_subd_external_review_regressions" name="test_signal_report_uses_actual_entry_state_before_pending_target" time="0.614" /><testcase classname="tests.test_poe_subd_external_review_regressions" name="test_non_trading_day_stale_data_is_not_tradable" time="0.016" /><testcase classname="tests.test_poe_subd_external_review_regressions" name="test_trading_morning_requires_previous_confirmed_session" time="0.010" /><testcase classname="tests.test_poe_subd_external_review_regressions" name="test_live_status_fails_closed_without_trading_calendar" time="0.007" /><testcase classname="tests.test_poe_subd_external_review_regressions" name="test_trading_calendar_uses_local_cache_when_akshare_unavailable" time="0.044" /><testcase classname="tests.test_poe_subd_external_review_regressions" name="test_trading_calendar_uses_cnfin_when_akshare_and_cache_unavailable" time="0.009" /><testcase classname="tests.test_poe_subd_external_review_regressions" name="test_trading_calendar_uses_cnfin_when_required_start_is_workday_holiday" time="0.011" /><testcase classname="tests.test_poe_subd_external_review_regressions" name="test_trading_calendar_uses_cnfin_when_required_end_is_non_session" time="0.011" /><testcase classname="tests.test_poe_subd_external_review_regressions" name="test_official_2026_calendar_covers_july_31_when_quote_calendar_lags" time="0.016" /><testcase classname="tests.test_poe_subd_external_review_regressions" name="test_cnfin_trading_calendar_loader_pages_until_required_start" time="0.209" /><testcase classname="tests.test_poe_subd_external_review_regressions" name="test_cnfin_trading_calendar_loader_rejects_partial_calendar_after_provider_failure" time="0.006" /><testcase classname="tests.test_poe_subd_external_review_regressions" name="test_cnfin_trading_calendar_loader_accepts_explicit_empty_followup_page" time="0.209" /><testcase classname="tests.test_poe_subd_external_review_regressions" name="test_cnfin_calendar_cache_preserves_queried_boundaries" time="0.035" /><testcase classname="tests.test_poe_subd_external_review_regressions" name="test_untrusted_calendar_cache_source_does_not_relax_session_boundaries[akshare.tool_trade_date_hist_sina]" time="0.030" /><testcase classname="tests.test_poe_subd_external_review_regressions" name="test_untrusted_calendar_cache_source_does_not_relax_session_boundaries[CNFin forged]" time="0.020" /><testcase classname="tests.test_poe_subd_external_review_regressions" name="test_untrusted_calendar_cache_source_does_not_relax_session_boundaries[None]" time="0.015" /><testcase classname="tests.test_poe_subd_external_review_regressions" name="test_stale_calendar_cache_is_rejected_when_market_data_is_newer" time="0.012" /><testcase classname="tests.test_poe_subd_external_review_regressions" name="test_generated_at_does_not_extend_calendar_cache_coverage" time="0.009" /><testcase classname="tests.test_poe_subd_external_review_regressions" name="test_coverage_end_must_equal_calendar_max" time="0.007" /><testcase classname="tests.test_poe_subd_external_review_regressions" name="test_calendar_cache_rejects_inconsistent_coverage_metadata" time="0.012" /><testcase classname="tests.test_poe_subd_external_review_regressions" name="test_latest_market_date_must_be_a_calendar_session" time="0.018" /><testcase classname="tests.test_poe_subd_external_review_regressions" name="test_stale_akshare_calendar_does_not_override_better_local_cache" time="0.017" /><testcase classname="tests.test_poe_subd_external_review_regressions" name="test_align_prices_rejects_stale_calendar_cache_instead_of_skipping_common_gap_check" time="0.019" /><testcase classname="tests.test_poe_subd_external_review_regressions" name="test_align_prices_rejects_unexpected_non_trading_day" time="0.014" /><testcase classname="tests.test_poe_subd_external_review_regressions" name="test_align_prices_requires_calendar_when_validation_is_required" time="0.072" /><testcase classname="tests.test_poe_subd_external_review_regressions" name="test_empty_akshare_calendar_does_not_overwrite_valid_local_cache" time="0.040" /><testcase classname="tests.test_poe_subd_external_review_regressions" name="test_execution_signal_fails_closed_without_calendar_even_when_not_live" time="0.009" /><testcase classname="tests.test_poe_subd_external_review_regressions" name="test_weekend_signal_is_valid_but_not_actionable_now" time="0.010" /><testcase classname="tests.test_poe_subd_external_review_regressions" name="test_weekend_live_signal_accepts_calendar_covered_to_previous_session" time="0.010" /><testcase classname="tests.test_poe_subd_external_review_regressions" name="test_after_close_signal_is_valid_but_not_actionable_at_close_price" time="0.020" /><testcase classname="tests.test_poe_subd_external_review_regressions" name="test_non_continuous_auction_times_are_not_market_open[00:00]" time="0.010" /><testcase classname="tests.test_poe_subd_external_review_regressions" name="test_non_continuous_auction_times_are_not_market_open[08:00]" time="0.010" /><testcase classname="tests.test_poe_subd_external_review_regressions" name="test_non_continuous_auction_times_are_not_market_open[12:00]" time="0.009" /><testcase classname="tests.test_poe_subd_external_review_regressions" name="test_non_continuous_auction_times_are_not_market_open[15:10]" time="0.011" /><testcase classname="tests.test_poe_subd_external_review_regressions" name="test_continuous_auction_times_with_trade_legs_are_fully_matchable[09:30]" time="0.011" /><testcase classname="tests.test_poe_subd_external_review_regressions" name="test_continuous_auction_times_with_trade_legs_are_fully_matchable[10:15]" time="0.011" /><testcase classname="tests.test_poe_subd_external_review_regressions" name="test_continuous_auction_times_with_trade_legs_are_fully_matchable[13:00]" time="0.011" /><testcase classname="tests.test_poe_subd_external_review_regressions" name="test_continuous_auction_times_with_trade_legs_are_fully_matchable[14:56]" time="0.013" /><testcase classname="tests.test_poe_subd_external_review_regressions" name="test_no_trade_signal_is_valid_but_not_actionable" time="0.017" /><testcase classname="tests.test_poe_subd_external_review_regressions" name="test_previous_no_trade_signal_is_not_delayed_execution" time="0.009" /><testcase classname="tests.test_poe_subd_external_review_regressions" name="test_signal_report_concludes_no_trade_without_protection_warning" time="0.020" /><testcase classname="tests.test_poe_subd_external_review_regressions" name="test_signal_report_keeps_complete_signal_body_with_compact_status" time="0.020" /><testcase classname="tests.test_poe_subd_external_review_regressions" name="test_signal_report_expands_only_on_abnormal_status" time="0.022" /><testcase classname="tests.test_poe_subd_external_review_regressions" name="test_signal_report_keeps_score_red_lights_out_of_abnormal_section" time="0.024" /><testcase classname="tests.test_poe_subd_external_review_regressions" name="test_signal_report_uses_post_close_unconfirmed_bar_wording" time="0.020" /><testcase classname="tests.test_poe_subd_external_review_regressions" name="test_post_close_fixed_price_is_disabled_before_2026_rule_effective_date" time="0.013" /><testcase classname="tests.test_poe_subd_external_review_regressions" name="test_post_close_fixed_price_session_is_not_actionable_without_final_close_timestamp" time="0.013" /><testcase classname="tests.test_poe_subd_external_review_regressions" name="test_post_close_confirmed_signal_does_not_execute_previous_session_signal" time="0.012" /><testcase classname="tests.test_poe_subd_external_review_regressions" name="test_post_close_live_signal_does_not_execute_unconfirmed_today_bar" time="0.013" /><testcase classname="tests.test_poe_subd_external_review_regressions" name="test_invalid_quote_time_does_not_make_official_close_ready[foo]" time="0.013" /><testcase classname="tests.test_poe_subd_external_review_regressions" name="test_invalid_quote_time_does_not_make_official_close_ready[2020-01-01 10:00:00]" time="0.018" /><testcase classname="tests.test_poe_subd_external_review_regressions" name="test_invalid_quote_time_does_not_make_official_close_ready[2026-07-06 08:00:00]" time="0.035" /><testcase classname="tests.test_poe_subd_external_review_regressions" name="test_verified_close_price_still_does_not_enable_post_close_without_feature_flag" time="0.022" /><testcase classname="tests.test_poe_subd_external_review_regressions" name="test_synthesized_confirmed_daily_close_cannot_enable_post_close_fixed_price" time="0.033" /><testcase classname="tests.test_poe_subd_external_review_regressions" name="test_explicitly_execution_verified_final_close_can_enable_post_close_fixed_price" time="0.025" /><testcase classname="tests.test_poe_subd_external_review_regressions" name="test_execution_session_status_requires_exchange_and_security_type" time="0.008" /><testcase classname="tests.test_poe_subd_external_review_regressions" name="test_execution_session_status_uses_exchange_and_rule_effective_date" time="0.006" /><testcase classname="tests.test_poe_subd_external_review_regressions" name="test_open_call_accept_allows_submit_but_not_immediate_match" time="0.015" /><testcase classname="tests.test_poe_subd_external_review_regressions" name="test_signal_report_keeps_trade_action_when_all_legs_can_submit_in_call_auction" time="0.043" /><testcase classname="tests.test_poe_subd_external_review_regressions" name="test_open_gap_does_not_allow_leg_submission" time="0.011" /><testcase classname="tests.test_poe_subd_external_review_regressions" name="test_signal_status_exposes_sell_and_buy_leg_execution_status" time="0.012" /><testcase classname="tests.test_poe_subd_external_review_regressions" name="test_previous_confirmed_signal_is_valid_but_delayed_not_actionable" time="0.012" /><testcase classname="tests.test_poe_subd_external_review_regressions" name="test_live_intraday_estimate_before_execution_window_is_not_tradable" time="0.012" /><testcase classname="tests.test_poe_subd_external_review_regressions" name="test_live_execution_window_status_distinguishes_before_open_after" time="0.016" /><testcase classname="tests.test_poe_subd_external_review_regressions" name="test_live_signal_report_uses_live_target_exposure_wording" time="0.019" /><testcase classname="tests.test_poe_subd_external_review_regressions" name="test_live_params_snapshot_shows_strategy_execution_window" time="0.011" /><testcase classname="tests.test_poe_subd_external_review_regressions" name="test_exchange_mechanical_status_fields_are_named_explicitly" time="0.022" /><testcase classname="tests.test_poe_subd_external_review_regressions" name="test_live_report_conclusion_does_not_bypass_strategy_permission[now0]" time="0.020" /><testcase classname="tests.test_poe_subd_external_review_regressions" name="test_live_report_conclusion_does_not_bypass_strategy_permission[now1]" time="0.019" /><testcase classname="tests.test_poe_subd_external_review_regressions" name="test_live_report_conclusion_does_not_bypass_strategy_permission[now2]" time="0.023" /><testcase classname="tests.test_poe_subd_external_review_regressions" name="test_live_execution_window_requires_all_asset_quote_freshness[None-False]" time="0.011" /><testcase classname="tests.test_poe_subd_external_review_regressions" name="test_live_execution_window_requires_all_asset_quote_freshness[2026-06-18 10:00:00-False]" time="0.011" /><testcase classname="tests.test_poe_subd_external_review_regressions" name="test_live_execution_window_requires_all_asset_quote_freshness[2026-06-18 14:54:30-False]" time="0.012" /><testcase classname="tests.test_poe_subd_external_review_regressions" name="test_live_execution_window_requires_all_asset_quote_freshness[2026-06-18 14:54:30-True]" time="0.013" /><testcase classname="tests.test_poe_subd_external_review_regressions" name="test_live_fresh_timestamps_without_quote_prices_are_not_actionable" time="0.014" /><testcase classname="tests.test_poe_subd_external_review_regressions" name="test_live_fresh_quote_price_must_match_signal_price" time="0.032" /><testcase classname="tests.test_poe_subd_external_review_regressions" name="test_live_fresh_quote_pairs_can_pass_snapshot_validation" time="0.034" /><testcase classname="tests.test_poe_subd_external_review_regressions" name="test_live_snapshot_zero_volume_is_monitor_only" time="0.031" /><testcase classname="tests.test_poe_subd_external_review_regressions" name="test_live_buy_leg_at_limit_up_is_not_tradable" time="0.033" /><testcase classname="tests.test_poe_subd_external_review_regressions" name="test_live_sell_leg_at_limit_down_is_not_tradable_even_when_sell_available" time="0.035" /><testcase classname="tests.test_poe_subd_external_review_regressions" name="test_live_sell_leg_requires_verified_sell_available_quantity" time="0.051" /><testcase classname="tests.test_poe_subd_external_review_regressions" name="test_stale_same_day_quote_times_are_listed_as_stale_assets" time="0.039" /><testcase classname="tests.test_poe_subd_external_review_regressions" name="test_after_close_unverified_today_bar_is_not_confirmed" time="0.010" /><testcase classname="tests.test_poe_subd_external_review_regressions" name="test_confirmed_signal_drops_unverified_today_bar_after_close" time="0.011" /><testcase classname="tests.test_poe_subd_external_review_regressions" name="test_confirmed_signal_keeps_verified_today_bar_after_close" time="0.018" /><testcase classname="tests.test_poe_subd_external_review_regressions" name="test_build_confirmed_daily_writes_final_close_fields_after_cutoff" time="0.050" /><testcase classname="tests.test_poe_subd_external_review_regressions" name="test_confirmed_final_close_does_not_stamp_forward_filled_asset" time="0.048" /><testcase classname="tests.test_poe_subd_external_review_regressions" name="test_global_final_flag_alone_does_not_confirm_six_asset_close" time="0.010" /><testcase classname="tests.test_poe_subd_external_review_regressions" name="test_signal_data_status_non_live_rejects_intraday_bar_without_pre_filter" time="0.012" /><testcase classname="tests.test_poe_subd_external_review_regressions" name="test_invalid_data_splits_raw_trade_from_current_execution_need" time="0.020" /><testcase classname="tests.test_poe_subd_external_review_regressions" name="test_live_build_path_writes_quote_price_time_and_signal_price" time="0.100" /><testcase classname="tests.test_poe_subd_external_review_regressions" name="test_live_quote_loader_rejects_empty_diff_and_uses_backup_endpoint" time="0.015" /><testcase classname="tests.test_poe_subd_external_review_regressions" name="test_live_quote_loader_rejects_partial_primary_response" time="0.015" /><testcase classname="tests.test_poe_subd_external_review_regressions" name="test_live_quote_loader_rejects_duplicate_code_and_reports_missing" time="0.009" /><testcase classname="tests.test_poe_subd_external_review_regressions" name="test_live_quote_loader_marks_push2delay_as_not_execution_eligible" time="0.014" /><testcase classname="tests.test_poe_subd_external_review_regressions" name="test_live_quote_loader_uses_response_received_time_for_future_check" time="0.009" /><testcase classname="tests.test_poe_subd_external_review_regressions" name="test_live_quote_loader_rejects_yesterday_primary_and_uses_today_backup" time="0.015" /><testcase classname="tests.test_poe_subd_external_review_regressions" name="test_live_snapshot_missing_source_execution_flag_is_monitor_only" time="0.020" /><testcase classname="tests.test_poe_subd_external_review_regressions" name="test_live_snapshot_unknown_source_is_monitor_only_even_with_true_flag" time="0.035" /><testcase classname="tests.test_poe_subd_external_review_regressions" name="test_live_snapshot_invalid_source_execution_flag_is_monitor_only[garbage]" time="0.034" /><testcase classname="tests.test_poe_subd_external_review_regressions" name="test_live_snapshot_invalid_source_execution_flag_is_monitor_only[2_0]" time="0.033" /><testcase classname="tests.test_poe_subd_external_review_regressions" name="test_live_snapshot_invalid_source_execution_flag_is_monitor_only[2_1]" time="0.033" /><testcase classname="tests.test_poe_subd_external_review_regressions" name="test_live_quote_loader_retries_stale_primary_before_backup" time="0.028" /><testcase classname="tests.test_poe_subd_external_review_regressions" name="test_live_quote_loader_rejects_skewed_primary_before_backup" time="0.024" /><testcase classname="tests.test_poe_subd_external_review_regressions" name="test_live_snapshot_from_ineligible_source_is_monitor_only" time="0.035" /><testcase classname="tests.test_poe_subd_external_review_regressions" name="test_apply_live_quotes_rejects_partial_snapshot_without_today_row" time="0.008" /><testcase classname="tests.test_poe_subd_external_review_regressions" name="test_apply_live_quotes_rejects_extreme_move_from_previous_close" time="0.012" /><testcase classname="tests.test_poe_subd_external_review_regressions" name="test_apply_live_quotes_rejects_large_mismatch_with_history_today_bar" time="0.013" /><testcase classname="tests.test_poe_subd_external_review_regressions" name="test_live_quote_time_skew_reports_only_lagging_asset" time="0.035" /><testcase classname="tests.test_poe_subd_external_review_regressions" name="test_live_quote_loader_falls_back_when_primary_host_fails" time="1.012" /><testcase classname="tests.test_poe_subd_external_review_regressions" name="test_execution_legs_are_disabled_when_signal_is_invalid" time="0.014" /><testcase classname="tests.test_poe_subd_external_review_regressions" name="test_execution_legs_are_disabled_for_performance_purpose" time="0.012" /><testcase classname="tests.test_poe_subd_external_review_regressions" name="test_top_execution_session_is_mixed_when_execution_legs_differ" time="0.012" /><testcase classname="tests.test_poe_subd_external_review_regressions" name="test_parse_month_range_rolls_end_year_forward" time="0.005" /><testcase classname="tests.test_poe_subd_external_review_regressions" name="test_parse_invalid_month_and_day_rejects_instead_of_fallback" time="0.007" /><testcase classname="tests.test_poe_subd_external_review_regressions" name="test_parse_date_range_default_now_is_beijing_naive" time="0.006" /><testcase classname="tests.test_poe_subd_external_review_regressions" name="test_resolve_performance_ranges_uses_beijing_today_when_now_missing" time="0.008" /><testcase classname="tests.test_poe_subd_external_review_regressions" name="test_parse_explicit_reverse_year_month_range_rejected" time="0.006" /><testcase classname="tests.test_poe_subd_external_review_regressions" name="test_max_drawdown_counts_window_first_day_loss" time="0.016" /><testcase classname="tests.test_poe_subd_external_review_regressions" name="test_drawdown_uses_window_peak_without_forcing_initial_one" time="0.007" /><testcase classname="tests.test_poe_subd_external_review_regressions" name="test_standalone_max_drawdown_uses_actual_window_peak" time="0.006" /><testcase classname="tests.test_poe_subd_external_review_regressions" name="test_live_force_refresh_updates_confirmed_raw_cache" time="0.073" /><testcase classname="tests.test_poe_subd_external_review_regressions" name="test_live_force_refresh_reuses_same_state_cache_when_provider_refresh_fails" time="0.008" /><testcase classname="tests.test_poe_subd_external_review_regressions" name="test_align_prices_forward_fills_lagging_latest_asset" time="0.014" /><testcase classname="tests.test_poe_subd_external_review_regressions" name="test_qfq_source_validation_rejects_qfq_raw_label" time="0.006" /><testcase classname="tests.test_poe_subd_external_review_regressions" name="test_qfq_source_validation_rejects_unapproved_source_even_if_labeled_qfq" time="0.007" /><testcase classname="tests.test_poe_subd_external_review_regressions" name="test_latest_signal_exposes_actual_positions_and_missing_overheat_features" time="0.009" /><testcase classname="tests.test_poe_subd_external_review_regressions" name="test_last_actual_trade_date_uses_turnover_not_trade_target" time="0.010" /><testcase classname="tests.test_poe_subd_external_review_regressions" name="test_signal_report_shows_base_signal_date_and_actual_trade_date" time="0.556" /><testcase classname="tests.test_poe_subd_external_review_regressions" name="test_calc_bias_momentum_first_valid_index_is_not_one_day_late" time="0.008" /><testcase classname="tests.test_poe_subd_external_review_regressions" name="test_weighted_slope_score_handles_extreme_prices_without_overflow" time="0.007" /><testcase classname="tests.test_poe_subd_external_review_regressions" name="test_public_daily_preparation_rejects_normalized_duplicate_dates[prepare_daily_for_signal]" time="0.009" /><testcase classname="tests.test_poe_subd_external_review_regressions" name="test_public_daily_preparation_rejects_normalized_duplicate_dates[prepare_daily_for_performance]" time="0.008" /><testcase classname="tests.test_poe_subd_external_review_regressions" name="test_public_daily_preparation_rejects_invalid_performance_state[return-inf-return.*finite-prepare_daily_for_signal]" time="0.018" /><testcase classname="tests.test_poe_subd_external_review_regressions" name="test_public_daily_preparation_rejects_invalid_performance_state[return-inf-return.*finite-prepare_daily_for_performance]" time="0.008" /><testcase classname="tests.test_poe_subd_external_review_regressions" name="test_public_daily_preparation_rejects_invalid_performance_state[return--1.0-return.*greater than -1-prepare_daily_for_signal]" time="0.015" /><testcase classname="tests.test_poe_subd_external_review_regressions" name="test_public_daily_preparation_rejects_invalid_performance_state[return--1.0-return.*greater than -1-prepare_daily_for_performance]" time="0.012" /><testcase classname="tests.test_poe_subd_external_review_regressions" name="test_public_daily_preparation_rejects_invalid_performance_state[nav-nan-nav.*finite-prepare_daily_for_signal]" time="0.012" /><testcase classname="tests.test_poe_subd_external_review_regressions" name="test_public_daily_preparation_rejects_invalid_performance_state[nav-nan-nav.*finite-prepare_daily_for_performance]" time="0.012" /><testcase classname="tests.test_poe_subd_external_review_regressions" name="test_public_daily_preparation_rejects_invalid_performance_state[nav-0.0-nav.*positive-prepare_daily_for_signal]" time="0.013" /><testcase classname="tests.test_poe_subd_external_review_regressions" name="test_public_daily_preparation_rejects_invalid_performance_state[nav-0.0-nav.*positive-prepare_daily_for_performance]" time="0.012" /><testcase classname="tests.test_poe_subd_external_review_regressions" name="test_public_daily_preparation_rejects_invalid_performance_state[wealth--inf-wealth.*finite-prepare_daily_for_signal]" time="0.010" /><testcase classname="tests.test_poe_subd_external_review_regressions" name="test_public_daily_preparation_rejects_invalid_performance_state[wealth--inf-wealth.*finite-prepare_daily_for_performance]" time="0.014" /><testcase classname="tests.test_poe_subd_external_review_regressions" name="test_public_daily_preparation_rejects_invalid_performance_state[wealth-0.0-wealth.*positive-prepare_daily_for_signal]" time="0.014" /><testcase classname="tests.test_poe_subd_external_review_regressions" name="test_public_daily_preparation_rejects_invalid_performance_state[wealth-0.0-wealth.*positive-prepare_daily_for_performance]" time="0.016" /><testcase classname="tests.test_poe_subd_external_review_regressions" name="test_calc_performance_rejects_nonfinite_or_bankrupting_returns[nan]" time="0.014" /><testcase classname="tests.test_poe_subd_external_review_regressions" name="test_calc_performance_rejects_nonfinite_or_bankrupting_returns[inf]" time="0.033" /><testcase classname="tests.test_poe_subd_external_review_regressions" name="test_calc_performance_rejects_nonfinite_or_bankrupting_returns[-inf]" time="0.009" /><testcase classname="tests.test_poe_subd_external_review_regressions" name="test_calc_performance_rejects_nonfinite_or_bankrupting_returns[-1.0]" time="0.010" /><testcase classname="tests.test_poe_subd_external_review_regressions" name="test_calc_performance_rejects_nonfinite_or_bankrupting_returns[-1.01]" time="0.009" /><testcase classname="tests.test_poe_subd_external_review_regressions" name="test_calc_performance_nav_fallback_rejects_nonfinite_or_nonpositive_nav[nan]" time="0.009" /><testcase classname="tests.test_poe_subd_external_review_regressions" name="test_calc_performance_nav_fallback_rejects_nonfinite_or_nonpositive_nav[inf]" time="0.010" /><testcase classname="tests.test_poe_subd_external_review_regressions" name="test_calc_performance_nav_fallback_rejects_nonfinite_or_nonpositive_nav[-inf]" time="0.009" /><testcase classname="tests.test_poe_subd_external_review_regressions" name="test_calc_performance_nav_fallback_rejects_nonfinite_or_nonpositive_nav[0.0]" time="0.009" /><testcase classname="tests.test_poe_subd_external_review_regressions" name="test_calc_performance_nav_fallback_rejects_nonfinite_or_nonpositive_nav[-1.0]" time="0.010" /><testcase classname="tests.test_poe_subd_external_review_regressions" name="test_mandatory_windows_use_exact_unique_trading_day_counts" time="0.051" /><testcase classname="tests.test_poe_subd_external_review_regressions" name="test_live_force_refresh_rejects_cache_older_than_stale_if_error_limit" time="0.005" /><testcase classname="tests.test_poe_subd_external_review_regressions" name="test_actual_exposure_hard_cap_creates_explicit_turnover_and_cost" time="0.016" /><testcase classname="tests.test_poe_subd_external_review_regressions" name="test_hard_cap_does_not_rebalance_without_signal_when_exposure_is_below_cap" time="0.015" /><testcase classname="tests.test_poe_subd_external_review_regressions" name="test_recompute_final_exposure_fails_closed_when_nav_factor_is_nonpositive" time="0.010" /><testcase classname="tests.test_poe_subd_external_review_regressions" name="test_recompute_final_exposure_rejects_nonfinite_or_boolean_explicit_hard_cap[inf]" time="0.008" /><testcase classname="tests.test_poe_subd_external_review_regressions" name="test_recompute_final_exposure_rejects_nonfinite_or_boolean_explicit_hard_cap[-inf]" time="0.010" /><testcase classname="tests.test_poe_subd_external_review_regressions" name="test_recompute_final_exposure_rejects_nonfinite_or_boolean_explicit_hard_cap[nan]" time="0.010" /><testcase classname="tests.test_poe_subd_external_review_regressions" name="test_recompute_final_exposure_rejects_nonfinite_or_boolean_explicit_hard_cap[True]" time="0.008" /><testcase classname="tests.test_poe_subd_external_review_regressions" name="test_recompute_final_exposure_rejects_nonfinite_or_boolean_explicit_hard_cap[bad_cap4]" time="0.009" /><testcase classname="tests.test_poe_subd_external_review_regressions" name="test_primary_qfq_loaders_apply_continuity_validation[_load_akshare_eastmoney_qfq_one_close]" time="0.007" /><testcase classname="tests.test_poe_subd_external_review_regressions" name="test_primary_qfq_loaders_apply_continuity_validation[_load_eastmoney_one_close]" time="0.010" /><testcase classname="tests.test_poe_subd_external_review_regressions" name="test_research_qfq_loaders_validate_continuity_and_raw_is_diagnostic" time="0.006" /><testcase classname="tests.test_poe_subd_external_review_regressions" name="test_formal_v11_load_close_rejects_raw_diagnostic_fallback" time="0.016" /><testcase classname="tests.test_poe_subd_external_review_regressions" name="test_weighted_slope_constant_tolerance_and_price_scale_invariance[load_bot_module]" time="0.013" /><testcase classname="tests.test_poe_subd_external_review_regressions" name="test_weighted_slope_constant_tolerance_and_price_scale_invariance[load_research_module]" time="0.005" /><testcase classname="tests.test_poe_subd_external_review_regressions" name="test_live_quote_loader_falls_back_when_primary_price_quality_fails" time="0.037" /><testcase classname="tests.test_poe_subd_external_review_regressions" name="test_159915_twenty_five_percent_quote_rejected_by_security_price_limit" time="0.011" /><testcase classname="tests.test_poe_subd_external_review_regressions" name="test_history_today_diff_without_timestamp_tries_backup_candidate" time="0.035" /><testcase classname="tests.test_poe_subd_external_review_regressions" name="test_live_quote_loader_raises_when_all_candidates_fail_price_quality" time="0.026" /><testcase classname="tests.test_poe_subd_external_review_regressions" name="test_final_bar_flag_is_strict_fail_closed[2]" time="0.023" /><testcase classname="tests.test_poe_subd_external_review_regressions" name="test_final_bar_flag_is_strict_fail_closed[garbage]" time="0.019" /><testcase classname="tests.test_poe_subd_external_review_regressions" name="test_final_bar_flag_is_strict_fail_closed[None]" time="0.023" /><testcase classname="tests.test_poe_subd_external_review_regressions" name="test_monitor_candidate_prefers_lower_max_age_and_skew_over_latest_single_quote" time="0.022" /><testcase classname="tests.test_poe_subd_external_review_regressions" name="test_live_params_snapshot_lists_live_price_risk_parameters" time="0.013" /><testcase classname="tests.test_poe_subd_external_review_regressions" name="test_price_limit_accepts_exchange_tick_rounded_limit_price" time="0.015" /><testcase classname="tests.test_poe_subd_external_review_regressions" name="test_live_quote_metadata_derives_limit_bounds_from_prev_close" time="0.018" /><testcase classname="tests.test_poe_subd_external_review_regressions" name="test_price_limit_rejects_quote_above_tick_rounded_limit_price" time="0.016" /><testcase classname="tests.test_poe_subd_external_review_regressions" name="test_quote_price_must_be_etf_tick_multiple" time="0.012" /><testcase classname="tests.test_poe_subd_external_review_regressions" name="test_prev_close_one_tick_comparison_uses_decimal_boundary" time="0.005" /><testcase classname="tests.test_poe_subd_external_review_regressions" name="test_vendor_prev_close_must_match_independent_history_reference" time="0.012" /><testcase classname="tests.test_poe_subd_external_review_regressions" name="test_vendor_prev_close_small_mismatch_blocks_execution" time="0.013" /><testcase classname="tests.test_poe_subd_external_review_regressions" name="test_vendor_prev_close_must_be_etf_tick_multiple" time="0.012" /><testcase classname="tests.test_poe_subd_external_review_regressions" name="test_price_bad_primary_uses_delay_backup_for_monitor_only" time="0.032" /><testcase classname="tests.test_poe_subd_external_review_regressions" name="test_stale_monitor_candidate_must_pass_price_quality_before_selection" time="0.039" /><testcase classname="tests.test_poe_subd_external_review_regressions" name="test_missing_vendor_prev_close_demotes_candidate_to_monitor_only" time="0.029" /><testcase classname="tests.test_poe_subd_external_review_regressions" name="test_monitor_candidate_prefers_synchronized_over_less_aged_skewed_snapshot" time="0.023" /><testcase classname="tests.test_poe_subd_external_review_regressions" name="test_monitor_candidate_prefers_slight_skew_current_over_hours_old_synchronized" time="0.023" /><testcase classname="tests.test_poe_subd_live_signal_freshness" name="test_realtime_query_routes_to_live_signal_mode" time="0.006" /><testcase classname="tests.test_poe_subd_live_signal_freshness" name="test_get_daily_for_today_force_refresh_bypasses_same_day_cache" time="0.007" /><testcase classname="tests.test_poe_subd_live_signal_freshness" name="test_confirmed_signal_drops_intraday_today_bar" time="0.012" /><testcase classname="tests.test_poe_subd_live_signal_freshness" name="test_live_signal_report_marks_intraday_as_hypothetical" time="0.021" /><testcase classname="tests.test_poe_subd_live_signal_freshness" name="test_live_params_snapshot_uses_actual_positions_and_status" time="0.012" /><testcase classname="tests.test_poe_subd_live_signal_freshness" name="test_intraday_cache_is_invalid_after_confirmed_close_boundary" time="0.008" /><testcase classname="tests.test_poe_subd_mixed_pool_v1_3_regressions" name="test_performance_rendered_state_is_isolated_between_contexts" time="0.008" /><testcase classname="tests.test_poe_subd_mixed_pool_v1_3_regressions" name="test_v13_performance_failure_is_not_suppressed_by_other_rendered_context" time="0.008" /><testcase classname="tests.test_poe_subd_mixed_pool_v1_3_regressions" name="test_v13_introduction_keeps_poe_signal_queries_available" time="0.007" /><testcase classname="tests.test_poe_subd_mixed_pool_v1_3_regressions" name="test_v13_performance_reaches_provider_without_policy_only_refusal" time="0.006" /><testcase classname="tests.test_poe_subd_mixed_pool_v1_3_regressions" name="test_v13_performance_keeps_standard_poe_surface" time="0.015" /><testcase classname="tests.test_poe_subd_mixed_pool_v1_3_regressions" name="test_v13_cross_market_advisory_does_not_block_signal_report" time="0.023" /><testcase classname="tests.test_poe_subd_mixed_pool_v1_3_regressions" name="test_v13_signal_status_is_not_globally_blocked_by_cross_market_advisory" time="0.011" /><testcase classname="tests.test_poe_subd_mixed_pool_v1_3_regressions" name="test_v13_exported_trade_csv_keeps_existing_poe_schema" time="0.015" /><testcase classname="tests.test_poe_subd_mixed_pool_v1_3_regressions" name="test_v13_exported_nav_chart_keeps_standard_title" time="0.821" /><testcase classname="tests.test_poe_subd_mixed_pool_v1_3_regressions" name="test_v13_live_build_fails_closed_when_mixed_pool_live_quotes_are_unavailable" time="0.008" /><testcase classname="tests.test_poe_subd_mixed_pool_v1_3_regressions" name="test_v13_live_signal_handler_does_not_display_confirmed_fallback_when_proxy_live_quotes_unsupported" time="0.009" /><testcase classname="tests.test_poe_subd_mixed_pool_v1_3_regressions" name="test_v13_mixed_pool_live_quote_loader_fetches_yahoo_and_china_sources" time="0.522" /><testcase classname="tests.test_poe_subd_mixed_pool_v1_3_regressions" name="test_v13_live_price_validation_skips_yahoo_prev_close_against_adjusted_history" time="0.010" /><testcase classname="tests.test_poe_subd_mixed_pool_v1_3_regressions" name="test_v13_live_price_validation_allows_small_index_prev_close_rounding_diff" time="0.010" /><testcase classname="tests.test_poe_subd_mixed_pool_v1_3_regressions" name="test_v13_proxy_assets_are_not_treated_as_a_share_etfs" time="0.008" /><testcase classname="tests.test_poe_subd_mixed_pool_v1_3_regressions" name="test_v13_cnfin_calendar_accepts_workday_holiday_required_start" time="0.038" /><testcase classname="tests.test_poe_subd_mixed_pool_v1_3_regressions" name="test_v13_cnfin_calendar_accepts_non_session_required_end" time="0.011" /><testcase classname="tests.test_poe_subd_mixed_pool_v1_3_regressions" name="test_v13_official_2026_calendar_covers_july_31_when_quote_calendar_lags" time="0.018" /><testcase classname="tests.test_poe_subd_mixed_pool_v1_3_regressions" name="test_v13_cnfin_calendar_loader_rejects_partial_calendar_after_provider_failure" time="0.006" /><testcase classname="tests.test_poe_subd_mixed_pool_v1_3_regressions" name="test_v13_cnfin_calendar_loader_accepts_explicit_empty_followup_page" time="0.210" /><testcase classname="tests.test_poe_subd_mixed_pool_v1_3_regressions" name="test_v13_cnfin_calendar_cache_preserves_queried_boundaries" time="0.030" /><testcase classname="tests.test_poe_subd_mixed_pool_v1_3_regressions" name="test_v13_untrusted_calendar_cache_source_does_not_relax_boundaries[CNFin forged]" time="0.022" /><testcase classname="tests.test_poe_subd_mixed_pool_v1_3_regressions" name="test_v13_untrusted_calendar_cache_source_does_not_relax_boundaries[None]" time="0.022" /><testcase classname="tests.test_poe_subd_mixed_pool_v1_3_regressions" name="test_v13_price_forward_fill_flags_use_raw_unfilled_prices" time="0.011" /><testcase classname="tests.test_poe_subd_mixed_pool_v1_3_regressions" name="test_v13_build_passes_raw_unfilled_mask_into_curves" time="0.026" /><testcase classname="tests.test_poe_subd_mixed_pool_v1_3_regressions" name="test_v13_stale_buy_leg_atomically_blocks_switch" time="0.024" /><testcase classname="tests.test_poe_subd_mixed_pool_v1_3_regressions" name="test_v13_stale_sell_leg_atomically_blocks_switch" time="0.019" /><testcase classname="tests.test_poe_subd_mixed_pool_v1_3_regressions" name="test_v13_stale_staged_fill_restores_pending_state_and_counters" time="0.019" /><testcase classname="tests.test_poe_subd_mixed_pool_v1_3_regressions" name="test_v13_explicit_ffill_mask_is_strictly_validated[missing_date]" time="0.009" /><testcase classname="tests.test_poe_subd_mixed_pool_v1_3_regressions" name="test_v13_explicit_ffill_mask_is_strictly_validated[missing_asset]" time="0.010" /><testcase classname="tests.test_poe_subd_mixed_pool_v1_3_regressions" name="test_v13_explicit_ffill_mask_is_strictly_validated[na]" time="0.009" /><testcase classname="tests.test_poe_subd_mixed_pool_v1_3_regressions" name="test_v13_explicit_ffill_mask_is_strictly_validated[string]" time="0.008" /><testcase classname="tests.test_poe_subd_mixed_pool_v1_3_regressions" name="test_v13_explicit_ffill_mask_is_strictly_validated[duplicate_date]" time="0.007" /><testcase classname="tests.test_poe_subd_mixed_pool_v1_3_regressions" name="test_v13_explicit_ffill_mask_is_strictly_validated[intraday]" time="0.009" /><testcase classname="tests.test_poe_subd_mixed_pool_v1_3_regressions" name="test_v13_live_quote_is_added_to_raw_availability_before_ffill_flags" time="0.010" /><testcase classname="tests.test_poe_subd_mixed_pool_v1_3_regressions" name="test_v13_build_curves_blocks_stale_nav_defense_sell_and_carries_actual_exposure" time="0.027" /><testcase classname="tests.test_poe_subd_mixed_pool_v1_3_regressions" name="test_v13_build_curves_blocks_stale_overheat_sell_and_carries_actual_exposure" time="0.053" /><testcase classname="tests.test_poe_subd_mixed_pool_v1_3_regressions" name="test_v13_stale_zero_overheat_recovery_keeps_actual_full_position" time="0.052" /><testcase classname="tests.test_poe_subd_mixed_pool_v1_3_regressions" name="test_v13_stale_overheat_reentry_waits_for_first_fresh_initial_fill" time="0.055" /><testcase classname="tests.test_poe_subd_mixed_pool_v1_3_regressions" name="test_v13_recompute_prices_stale_carried_asset_with_its_own_return_and_fails_closed_without_it" time="0.026" /><testcase classname="tests.test_poe_subd_mixed_pool_v1_3_regressions" name="test_v13_overlay_stale_audit_merges_with_existing_base_block" time="0.013" /><testcase classname="tests.test_poe_subd_mixed_pool_v1_3_regressions" name="test_v13_raw_sina_fallback_is_not_allowed_in_formal_load_close" time="0.008" /><testcase classname="tests.test_poe_subd_mixed_pool_v1_3_regressions" name="test_v13_loaded_prices_and_sources_keep_existing_poe_schema" time="0.024" /><testcase classname="tests.test_poe_subd_mixed_pool_v1_3_regressions" name="test_v13_tencent_qfq_loader_accepts_verified_day_key[513030.SH-sh513030]" time="0.010" /><testcase classname="tests.test_poe_subd_mixed_pool_v1_3_regressions" name="test_v13_tencent_qfq_loader_accepts_verified_day_key[513520.SH-sh513520]" time="0.010" /><testcase classname="tests.test_poe_subd_mixed_pool_v1_3_regressions" name="test_v13_tencent_qfq_loader_accepts_verified_day_key[159985.SZ-sz159985]" time="0.012" /><testcase classname="tests.test_poe_subd_mixed_pool_v1_3_regressions" name="test_v13_tencent_qfq_loader_rejects_day_key_for_non_allowlisted_code" time="0.009" /><testcase classname="tests.test_poe_subd_mixed_pool_v1_3_regressions" name="test_v13_tencent_verified_day_detail_reaches_source_metadata" time="0.008" /><testcase classname="tests.test_poe_subd_mixed_pool_v1_3_regressions" name="test_v13_tencent_qfq_loader_rejects_day_only_page_after_qfq_history" time="0.006" /><testcase classname="tests.test_poe_subd_mixed_pool_v1_3_regressions" name="test_v13_tencent_qfq_loader_rejects_provider_failure_after_qfq_history" time="0.006" /><testcase classname="tests.test_poe_subd_mixed_pool_v1_3_regressions" name="test_v13_yahoo_adjusted_close_rejects_quote_close_fallback" time="0.006" /><testcase classname="tests.test_poe_subd_mixed_pool_v1_3_regressions" name="test_v13_cyb_index_uses_cnfin_when_eastmoney_and_akshare_fail" time="15.010" /><testcase classname="tests.test_poe_subd_mixed_pool_v1_3_regressions" name="test_v13_load_close_fails_closed_before_fetch_when_cn_calendar_unavailable" time="0.006" /><testcase classname="tests.test_poe_subd_mixed_pool_v1_3_regressions" name="test_v13_default_performance_windows_use_trading_day_rows" time="0.045" /><testcase classname="tests.test_poe_subd_mixed_pool_v1_3_regressions" name="test_v13_cnfin_index_rejects_provider_failure_after_partial_page" time="0.006" /><testcase classname="tests.test_poe_subd_mixed_pool_v1_3_regressions" name="test_v13_cnfin_index_rejects_history_that_does_not_cover_required_start" time="0.008" /><testcase classname="tests.test_poe_subd_mixed_pool_v1_3_regressions" name="test_v13_live_force_refresh_rejects_cache_older_than_stale_if_error_limit" time="0.006" /><testcase classname="tests.test_poe_subd_mixed_pool_v1_3_regressions" name="test_v13_live_force_refresh_may_reuse_recent_cache_on_provider_error" time="0.007" /><testcase classname="tests.test_poe_subd_mixed_pool_v1_3_regressions" name="test_v13_daily_preparation_rejects_normalized_duplicate_dates[prepare_daily_for_signal]" time="0.012" /><testcase classname="tests.test_poe_subd_mixed_pool_v1_3_regressions" name="test_v13_daily_preparation_rejects_normalized_duplicate_dates[prepare_daily_for_performance]" time="0.015" /><testcase classname="tests.test_poe_subd_mixed_pool_v1_3_regressions" name="test_v13_daily_preparation_rejects_invalid_returns[nan]" time="0.015" /><testcase classname="tests.test_poe_subd_mixed_pool_v1_3_regressions" name="test_v13_daily_preparation_rejects_invalid_returns[inf]" time="0.009" /><testcase classname="tests.test_poe_subd_mixed_pool_v1_3_regressions" name="test_v13_daily_preparation_rejects_invalid_returns[-inf]" time="0.008" /><testcase classname="tests.test_poe_subd_mixed_pool_v1_3_regressions" name="test_v13_daily_preparation_rejects_invalid_returns[-1.0]" time="0.010" /><testcase classname="tests.test_poe_subd_mixed_pool_v1_3_regressions" name="test_v13_daily_preparation_rejects_invalid_returns[-1.01]" time="0.010" /><testcase classname="tests.test_poe_subd_mixed_pool_v1_3_regressions" name="test_v13_daily_preparation_rejects_invalid_nav[nan]" time="0.009" /><testcase classname="tests.test_poe_subd_mixed_pool_v1_3_regressions" name="test_v13_daily_preparation_rejects_invalid_nav[inf]" time="0.011" /><testcase classname="tests.test_poe_subd_mixed_pool_v1_3_regressions" name="test_v13_daily_preparation_rejects_invalid_nav[-inf]" time="0.010" /><testcase classname="tests.test_poe_subd_mixed_pool_v1_3_regressions" name="test_v13_daily_preparation_rejects_invalid_nav[0.0]" time="0.009" /><testcase classname="tests.test_poe_subd_mixed_pool_v1_3_regressions" name="test_v13_daily_preparation_rejects_invalid_nav[-1.0]" time="0.011" /><testcase classname="tests.test_poe_subd_mixed_pool_v1_3_regressions" name="test_v13_calc_performance_rejects_invalid_returns[nan]" time="0.014" /><testcase classname="tests.test_poe_subd_mixed_pool_v1_3_regressions" name="test_v13_calc_performance_rejects_invalid_returns[inf]" time="0.013" /><testcase classname="tests.test_poe_subd_mixed_pool_v1_3_regressions" name="test_v13_calc_performance_rejects_invalid_returns[-inf]" time="0.012" /><testcase classname="tests.test_poe_subd_mixed_pool_v1_3_regressions" name="test_v13_calc_performance_rejects_invalid_returns[-1.0]" time="0.013" /><testcase classname="tests.test_poe_subd_mixed_pool_v1_3_regressions" name="test_v13_calc_performance_rejects_invalid_returns[-1.01]" time="0.013" /><testcase classname="tests.test_poe_subd_mixed_pool_v1_3_regressions" name="test_v13_calc_performance_nav_fallback_rejects_invalid_nav[nan]" time="0.016" /><testcase classname="tests.test_poe_subd_mixed_pool_v1_3_regressions" name="test_v13_calc_performance_nav_fallback_rejects_invalid_nav[inf]" time="0.024" /><testcase classname="tests.test_poe_subd_mixed_pool_v1_3_regressions" name="test_v13_calc_performance_nav_fallback_rejects_invalid_nav[-inf]" time="0.028" /><testcase classname="tests.test_poe_subd_mixed_pool_v1_3_regressions" name="test_v13_calc_performance_nav_fallback_rejects_invalid_nav[0.0]" time="0.031" /><testcase classname="tests.test_poe_subd_mixed_pool_v1_3_regressions" name="test_v13_calc_performance_nav_fallback_rejects_invalid_nav[-1.0]" time="0.026" /><testcase classname="tests.test_poe_subd_mixed_pool_v1_3_regressions" name="test_v13_wealth_and_reported_metrics_are_finite" time="0.032" /><testcase classname="tests.test_poe_subd_mixed_pool_v1_3_regressions" name="test_v13_weighted_slope_constant_tolerance_and_scale_invariance[1e-12]" time="0.007" /><testcase classname="tests.test_poe_subd_mixed_pool_v1_3_regressions" name="test_v13_weighted_slope_constant_tolerance_and_scale_invariance[1.0]" time="0.276" /><testcase classname="tests.test_poe_subd_mixed_pool_v1_3_regressions" name="test_v13_weighted_slope_constant_tolerance_and_scale_invariance[1000000000000.0]" time="0.019" /><testcase classname="tests.test_poe_subd_mixed_pool_v1_3_regressions" name="test_v13_calc_scores_never_selects_constant_price_asset" time="0.013" /><testcase classname="tests.test_poe_subd_mixed_pool_v1_3_regressions" name="test_v13_primary_qfq_loaders_apply_continuity_gate" time="0.014" /><testcase classname="tests.test_poe_subd_mixed_pool_v1_3_regressions" name="test_v13_yahoo_and_index_loaders_apply_continuity_gate" time="0.010" /><testcase classname="tests.test_poe_subd_mixed_pool_v1_3_regressions" name="test_v13_eastmoney_and_cnfin_index_loaders_apply_continuity_gate" time="0.009" /><testcase classname="tests.test_poe_subd_mixed_pool_v1_3_regressions" name="test_v13_formal_qfq_loader_never_attempts_raw_fallback" time="0.007" /><testcase classname="tests.test_poe_subd_mixed_pool_v1_3_regressions" name="test_v13_dynamic_asset_allows_normal_cross_market_tail_gap" time="0.016" /><testcase classname="tests.test_poe_subd_mixed_pool_v1_3_regressions" name="test_v13_dynamic_asset_rejects_excessive_tail_gap" time="0.016" /><testcase classname="tests.test_poe_subd_review_20260808" name="test_v13_eval_range_label_matches_eval_start" time="0.009" /><testcase classname="tests.test_poe_subd_review_20260808" name="test_v13_short_mandatory_window_reports_insufficient_rows" time="0.015" /><testcase classname="tests.test_poe_subd_review_20260808" name="test_v13_mandatory_windows_keep_252_row_convention" time="0.068" /><testcase classname="tests.test_poe_subd_review_20260808" name="test_yearly_returns_keep_first_session_after_year_boundary[bot_module0]" time="0.014" /><testcase classname="tests.test_poe_subd_review_20260808" name="test_yearly_returns_keep_first_session_after_year_boundary[bot_module1]" time="0.042" /><testcase classname="tests.test_poe_subd_review_20260808" name="test_yearly_returns_keep_first_session_after_year_boundary[bot_module2]" time="0.014" /><testcase classname="tests.test_poe_subd_review_20260808" name="test_standalone_iso_date_is_not_parsed_as_month_range[bot_module0]" time="0.007" /><testcase classname="tests.test_poe_subd_review_20260808" name="test_standalone_iso_date_is_not_parsed_as_month_range[bot_module1]" time="0.009" /><testcase classname="tests.test_poe_subd_review_20260808" name="test_standalone_iso_date_is_not_parsed_as_month_range[bot_module2]" time="0.010" /><testcase classname="tests.test_poe_subd_review_20260808" name="test_v11_params_describe_cross_validated_raw_fallback" time="0.011" /><testcase classname="tests.test_poe_subd_review_20260808" name="test_v13_params_and_snapshot_disclose_actual_rules" time="0.008" /><testcase classname="tests.test_poe_subd_review_20260808" name="test_introduction_describes_confirmed_cache[path0]" time="0.006" /><testcase classname="tests.test_poe_subd_review_20260808" name="test_introduction_describes_confirmed_cache[path1]" time="0.004" /><testcase classname="tests.test_poe_subd_review_20260808" name="test_v13_unsupported_live_symbols_use_typed_error" time="0.012" /><testcase classname="tests.test_poe_subd_review_20260808" name="test_v13_non_cn_price_limit_bounds_are_nan" time="0.007" /><testcase classname="tests.test_poe_subd_review_20260808" name="test_v13_target_vol_helpers_reject_bool_inputs[args0]" time="0.012" /><testcase classname="tests.test_poe_subd_review_20260808" name="test_v13_target_vol_helpers_reject_bool_inputs[args1]" time="0.043" /><testcase classname="tests.test_poe_subd_review_20260808" name="test_v13_target_vol_helpers_reject_bool_inputs[args2]" time="0.007" /><testcase classname="tests.test_poe_subd_review_20260808" name="test_v13_qfq_loaders_use_strategy_start" time="0.008" /><testcase classname="tests.test_poe_subd_review_20260808" name="test_cross_validated_raw_warns_before_sina_cap[bot_module0]" time="0.029" /><testcase classname="tests.test_poe_subd_review_20260808" name="test_cross_validated_raw_warns_before_sina_cap[bot_module1]" time="0.031" /><testcase classname="tests.test_poe_subd_review_20260808" name="test_cross_validated_raw_warns_before_sina_cap[bot_module2]" time="0.028" /><testcase classname="tests.test_poe_subd_review_20260808" name="test_tencent_schema_failure_does_not_retry[bot_module0]" time="0.006" /><testcase classname="tests.test_poe_subd_review_20260808" name="test_tencent_schema_failure_does_not_retry[bot_module1]" time="0.006" /><testcase classname="tests.test_poe_subd_review_20260808" name="test_tencent_schema_failure_does_not_retry[bot_module2]" time="0.007" /><testcase classname="tests.test_poe_subd_review_20260808" name="test_calendar_failure_reason_is_request_local[path0]" time="0.006" /><testcase classname="tests.test_poe_subd_review_20260808" name="test_calendar_failure_reason_is_request_local[path1]" time="0.008" /><testcase classname="tests.test_poe_subd_review_20260808" name="test_calendar_cache_path_is_namespaced_by_strategy_start[path0]" time="0.006" /><testcase classname="tests.test_poe_subd_review_20260808" name="test_calendar_cache_path_is_namespaced_by_strategy_start[path1]" time="0.006" /><testcase classname="tests.test_poe_subd_review_20260808" name="test_v13_yahoo_snapshot_is_reused_across_eastmoney_retries" time="0.007" /><testcase classname="tests.test_poe_subd_review_20260808" name="test_daily_cache_build_is_single_flight[path0]" time="0.061" /><testcase classname="tests.test_poe_subd_review_20260808" name="test_daily_cache_build_is_single_flight[path1]" time="0.070" /><testcase classname="tests.test_poe_subd_review_20260808" name="test_live_price_quality_rejection_backs_off_before_retry[path0]" time="0.012" /><testcase classname="tests.test_poe_subd_review_20260808" name="test_live_price_quality_rejection_backs_off_before_retry[path1]" time="0.014" /><testcase classname="tests.test_poe_subd_review_20260808" name="test_execution_legs_select_latest_date_not_physical_last_row[path0]" time="0.008" /><testcase classname="tests.test_poe_subd_review_20260808" name="test_execution_legs_select_latest_date_not_physical_last_row[path1]" time="0.014" /><testcase classname="tests.test_poe_subd_review_20260808" name="test_build_config_defaults_to_beijing_today[path0]" time="0.016" /><testcase classname="tests.test_poe_subd_review_20260808" name="test_build_config_defaults_to_beijing_today[path1]" time="0.016" /><testcase classname="tests.test_poe_subd_review_20260808" name="test_attach_live_metadata_parses_daily_dates_once[path0]" time="0.015" /><testcase classname="tests.test_poe_subd_review_20260808" name="test_attach_live_metadata_parses_daily_dates_once[path1]" time="0.015" /><testcase classname="tests.test_poe_subd_review_20260808" name="test_bias_momentum_matches_scalar_oracle[seeded-path0]" time="0.186" /><testcase classname="tests.test_poe_subd_review_20260808" name="test_bias_momentum_matches_scalar_oracle[seeded-path1]" time="0.079" /><testcase classname="tests.test_poe_subd_review_20260808" name="test_bias_momentum_matches_scalar_oracle[nan_zero-path0]" time="0.075" /><testcase classname="tests.test_poe_subd_review_20260808" name="test_bias_momentum_matches_scalar_oracle[nan_zero-path1]" time="0.074" /><testcase classname="tests.test_poe_subd_review_20260808" name="test_bias_momentum_matches_scalar_oracle[short-path0]" time="0.011" /><testcase classname="tests.test_poe_subd_review_20260808" name="test_bias_momentum_matches_scalar_oracle[short-path1]" time="0.008" /><testcase classname="tests.test_poe_subd_review_20260808" name="test_bias_momentum_does_not_call_polyfit_per_window[path0]" time="0.007" /><testcase classname="tests.test_poe_subd_review_20260808" name="test_bias_momentum_does_not_call_polyfit_per_window[path1]" time="0.008" /><testcase classname="tests.test_poe_subd_six_etf_v1_3" name="test_frozen_curve_and_all_five_windows_match_selected" time="12.424" /><testcase classname="tests.test_poe_subd_six_etf_v1_3" name="test_trade_legs_cash_and_disabled_overlays" time="0.023" /><testcase classname="tests.test_poe_subd_six_etf_v1_3" name="test_exact_score_and_r2_boundaries[0.5-0.25-False]" time="0.004" /><testcase classname="tests.test_poe_subd_six_etf_v1_3" name="test_exact_score_and_r2_boundaries[0.500001-0.25-True]" time="0.004" /><testcase classname="tests.test_poe_subd_six_etf_v1_3" name="test_exact_score_and_r2_boundaries[5.499999-0.25-True]" time="0.003" /><testcase classname="tests.test_poe_subd_six_etf_v1_3" name="test_exact_score_and_r2_boundaries[5.5-0.25-False]" time="0.003" /><testcase classname="tests.test_poe_subd_six_etf_v1_3" name="test_exact_score_and_r2_boundaries[1-0.249999-False]" time="0.002" /><testcase classname="tests.test_poe_subd_six_etf_v1_3" name="test_exact_score_and_r2_boundaries[1-0.25-True]" time="0.002" /><testcase classname="tests.test_poe_subd_six_etf_v1_3" name="test_exact_score_and_r2_boundaries[nan-0.5-False]" time="0.002" /><testcase classname="tests.test_poe_subd_six_etf_v1_3" name="test_exact_score_and_r2_boundaries[1-nan-False]" time="0.002" /><testcase classname="tests.test_poe_subd_six_etf_v1_3" name="test_adapter_never_calls_disabled_layers" time="0.037" /><testcase classname="tests.test_poe_subd_six_etf_v1_3" name="test_injected_poe_runtime_and_decimal_parameter_display" time="0.250" /><testcase classname="tests.test_poe_subd_six_etf_v1_3" name="test_query_routes_render_real_frozen_data[\u4fe1\u53f7]" time="0.171" /><testcase classname="tests.test_poe_subd_six_etf_v1_3" name="test_query_routes_render_real_frozen_data[\u5b9e\u65f6\u4fe1\u53f7]" time="0.183" /><testcase classname="tests.test_poe_subd_six_etf_v1_3" name="test_query_routes_render_real_frozen_data[\u5b9e\u65f6\u53c2\u6570]" time="0.026" /><testcase classname="tests.test_poe_subd_six_etf_v1_3" name="test_query_routes_render_real_frozen_data[\u8868\u73b0]" time="1.725" /><testcase classname="tests.test_poe_subd_six_etf_v1_3" name="test_query_routes_render_real_frozen_data[\u4ea4\u6613\u8bb0\u5f55 \u8fc7\u53bb\u4e24\u4e2a\u6708]" time="0.697" /><testcase classname="tests.test_poe_subd_six_etf_v1_3" name="test_query_routes_render_real_frozen_data[\u51c0\u503c\u66f2\u7ebf \u8fc7\u53bb\u4e24\u5e74]" time="1.031" /><testcase classname="tests.test_poe_subd_six_etf_v1_3" name="test_failed_live_params_keeps_static_parameters" time="0.001" /><testcase classname="tests.test_poe_subd_six_etf_v1_3" name="test_provider_failures_are_not_silent_success[\u4fe1\u53f7]" time="0.001" /><testcase classname="tests.test_poe_subd_six_etf_v1_3" name="test_provider_failures_are_not_silent_success[\u5b9e\u65f6\u4fe1\u53f7]" time="0.001" /><testcase classname="tests.test_poe_subd_six_etf_v1_3" name="test_provider_failures_are_not_silent_success[\u8868\u73b0]" time="0.001" /><testcase classname="tests.test_poe_subd_six_etf_v1_3" name="test_missing_prices_stale_execution_and_input_checks" time="0.035" /><testcase classname="tests.test_poe_subd_six_etf_v1_3" name="test_no_future_leakage_on_frozen_prefix" time="0.293" /><testcase classname="tests.test_poe_subd_six_etf_v1_3" name="test_score_red_light_preserves_decimal_ceiling" time="0.001" /><testcase classname="tests.test_poe_subd_six_etf_v1_3" name="test_real_network_poe_queries" time="0.001"><skipped type="pytest.skip" message="Opt-in real-provider Poe-compatible smoke">D:\动量策略\美股A股混合池子动量策略\tests\test_poe_subd_six_etf_v1_3.py:239: Opt-in real-provider Poe-compatible smoke</skipped></testcase><testcase classname="tests.test_poe_subd_six_etf_v1_3_safety" name="test_replay_adversarial_check_on_v13[test_live_snapshot_unknown_source_is_monitor_only_even_with_true_flag]" time="0.047" /><testcase classname="tests.test_poe_subd_six_etf_v1_3_safety" name="test_replay_adversarial_check_on_v13[test_live_quote_loader_retries_stale_primary_before_backup]" time="0.030" /><testcase classname="tests.test_poe_subd_six_etf_v1_3_safety" name="test_replay_adversarial_check_on_v13[test_live_quote_loader_rejects_skewed_primary_before_backup]" time="0.031" /><testcase classname="tests.test_poe_subd_six_etf_v1_3_safety" name="test_replay_adversarial_check_on_v13[test_live_snapshot_from_ineligible_source_is_monitor_only]" time="0.060" /><testcase classname="tests.test_poe_subd_six_etf_v1_3_safety" name="test_replay_adversarial_check_on_v13[test_apply_live_quotes_rejects_partial_snapshot_without_today_row]" time="0.021" /><testcase classname="tests.test_poe_subd_six_etf_v1_3_safety" name="test_replay_adversarial_check_on_v13[test_apply_live_quotes_rejects_extreme_move_from_previous_close]" time="0.017" /><testcase classname="tests.test_poe_subd_six_etf_v1_3_safety" name="test_replay_adversarial_check_on_v13[test_apply_live_quotes_rejects_large_mismatch_with_history_today_bar]" time="0.018" /><testcase classname="tests.test_poe_subd_six_etf_v1_3_safety" name="test_replay_adversarial_check_on_v13[test_live_quote_time_skew_reports_only_lagging_asset]" time="0.048" /><testcase classname="tests.test_poe_subd_six_etf_v1_3_safety" name="test_replay_adversarial_check_on_v13[test_live_quote_loader_falls_back_when_primary_host_fails]" time="1.023" /><testcase classname="tests.test_poe_subd_six_etf_v1_3_safety" name="test_replay_adversarial_check_on_v13[test_execution_legs_are_disabled_when_signal_is_invalid]" time="0.021" /><testcase classname="tests.test_poe_subd_six_etf_v1_3_safety" name="test_replay_adversarial_check_on_v13[test_execution_legs_are_disabled_for_performance_purpose]" time="0.022" /><testcase classname="tests.test_poe_subd_six_etf_v1_3_safety" name="test_replay_adversarial_check_on_v13[test_qfq_source_validation_rejects_qfq_raw_label]" time="0.011" /><testcase classname="tests.test_poe_subd_six_etf_v1_3_safety" name="test_replay_adversarial_check_on_v13[test_qfq_source_validation_rejects_unapproved_source_even_if_labeled_qfq]" time="0.014" /><testcase classname="tests.test_poe_subd_six_etf_v1_3_safety" name="test_replay_adversarial_check_on_v13[test_mandatory_windows_use_exact_unique_trading_day_counts]" time="0.107" /><testcase classname="tests.test_poe_subd_six_etf_v1_3_safety" name="test_replay_adversarial_check_on_v13[test_formal_v11_load_close_rejects_raw_diagnostic_fallback]" time="0.013" /><testcase classname="tests.test_poe_subd_six_etf_v1_3_safety" name="test_replay_adversarial_check_on_v13[test_live_quote_loader_falls_back_when_primary_price_quality_fails]" time="0.037" /><testcase classname="tests.test_poe_subd_six_etf_v1_3_safety" name="test_replay_adversarial_check_on_v13[test_159915_twenty_five_percent_quote_rejected_by_security_price_limit]" time="0.016" /><testcase classname="tests.test_poe_subd_six_etf_v1_3_safety" name="test_replay_adversarial_check_on_v13[test_history_today_diff_without_timestamp_tries_backup_candidate]" time="0.039" /><testcase classname="tests.test_poe_subd_six_etf_v1_3_safety" name="test_replay_adversarial_check_on_v13[test_live_quote_loader_raises_when_all_candidates_fail_price_quality]" time="0.041" /><testcase classname="tests.test_poe_subd_six_etf_v1_3_safety" name="test_replay_adversarial_check_on_v13[test_monitor_candidate_prefers_lower_max_age_and_skew_over_latest_single_quote]" time="0.039" /><testcase classname="tests.test_poe_subd_six_etf_v1_3_safety" name="test_replay_adversarial_check_on_v13[test_price_limit_accepts_exchange_tick_rounded_limit_price]" time="0.020" /><testcase classname="tests.test_poe_subd_six_etf_v1_3_safety" name="test_replay_adversarial_check_on_v13[test_price_limit_rejects_quote_above_tick_rounded_limit_price]" time="0.019" /><testcase classname="tests.test_poe_subd_six_etf_v1_3_safety" name="test_replay_adversarial_check_on_v13[test_quote_price_must_be_etf_tick_multiple]" time="0.015" /><testcase classname="tests.test_poe_subd_six_etf_v1_3_safety" name="test_replay_adversarial_check_on_v13[test_prev_close_one_tick_comparison_uses_decimal_boundary]" time="0.009" /><testcase classname="tests.test_poe_subd_six_etf_v1_3_safety" name="test_replay_adversarial_check_on_v13[test_vendor_prev_close_must_match_independent_history_reference]" time="0.024" /><testcase classname="tests.test_poe_subd_six_etf_v1_3_safety" name="test_replay_adversarial_check_on_v13[test_vendor_prev_close_small_mismatch_blocks_execution]" time="0.064" /><testcase classname="tests.test_poe_subd_six_etf_v1_3_safety" name="test_replay_adversarial_check_on_v13[test_vendor_prev_close_must_be_etf_tick_multiple]" time="0.016" /><testcase classname="tests.test_poe_subd_six_etf_v1_3_safety" name="test_replay_adversarial_check_on_v13[test_price_bad_primary_uses_delay_backup_for_monitor_only]" time="0.039" /><testcase classname="tests.test_poe_subd_six_etf_v1_3_safety" name="test_replay_adversarial_check_on_v13[test_stale_monitor_candidate_must_pass_price_quality_before_selection]" time="0.040" /><testcase classname="tests.test_poe_subd_six_etf_v1_3_safety" name="test_replay_adversarial_check_on_v13[test_missing_vendor_prev_close_demotes_candidate_to_monitor_only]" time="0.027" /><testcase classname="tests.test_poe_subd_six_etf_v1_3_safety" name="test_cache_and_confirmation_contracts[test_get_daily_for_today_force_refresh_bypasses_same_day_cache]" time="0.011" /><testcase classname="tests.test_poe_subd_six_etf_v1_3_safety" name="test_cache_and_confirmation_contracts[test_confirmed_signal_drops_intraday_today_bar]" time="0.016" /><testcase classname="tests.test_poe_subd_six_etf_v1_3_safety" name="test_cache_and_confirmation_contracts[test_intraday_cache_is_invalid_after_confirmed_close_boundary]" time="0.010" /><testcase classname="tests.test_poe_subd_trade_records" name="test_trade_records_table_shows_recent_adjustments_newest_first" time="0.021" /><testcase classname="tests.test_poe_subd_trade_records" name="test_same_asset_drift_rebalance_reports_sell_direction_and_amount" time="0.005" /><testcase classname="tests.test_poe_subd_trade_records" name="test_trade_records_frame_exposes_rebalance_delta_columns" time="0.020" /><testcase classname="tests.test_poe_subd_trade_records" name="test_trade_record_query_routes_to_performance_handler" time="0.008" /><testcase classname="tests.test_poe_subd_trade_records" name="test_trade_records_csv_bytes_include_full_query_window_records" time="0.018" /><testcase classname="tests.test_poe_subd_trade_records" name="test_trade_records_csv_includes_base_and_actual_position_fields" time="0.019" /><testcase classname="tests.test_subd_runner_regressions" name="test_runner_align_prices_forward_fills_single_asset_suspension_with_metadata" time="0.018" /><testcase classname="tests.test_subd_runner_regressions" name="test_runner_blocks_trade_when_target_price_is_forward_filled" time="0.009" /><testcase classname="tests.test_subd_runner_regressions" name="test_runner_overlay_carries_drifted_exposure_without_daily_target_rebalance" time="0.015" /><testcase classname="tests.test_subd_runner_regressions" name="test_runner_overlay_hard_caps_drifted_exposure_with_auditable_cost" time="0.016" /><testcase classname="tests.test_subd_runner_regressions" name="test_runner_overlay_fails_closed_when_stale_price_prevents_hard_cap" time="0.010" /><testcase classname="tests.test_subd_runner_regressions" name="test_runner_and_poe_overlay_direct_entries_reject_invalid_explicit_hard_cap[True]" time="0.019" /><testcase classname="tests.test_subd_runner_regressions" name="test_runner_and_poe_overlay_direct_entries_reject_invalid_explicit_hard_cap[nan]" time="0.019" /><testcase classname="tests.test_subd_runner_regressions" name="test_runner_and_poe_overlay_direct_entries_reject_invalid_explicit_hard_cap[inf]" time="0.018" /><testcase classname="tests.test_subd_runner_regressions" name="test_runner_and_poe_overlay_direct_entries_reject_invalid_explicit_hard_cap[-0.01]" time="0.018" /><testcase classname="tests.test_subd_runner_regressions" name="test_runner_and_poe_overlay_direct_entries_reject_invalid_explicit_hard_cap[not-a-number]" time="0.020" /><testcase classname="tests.test_subd_runner_regressions" name="test_runner_overlay_fails_closed_before_nav_becomes_nonpositive_or_nonfinite[-0.6666666666666666]" time="0.017" /><testcase classname="tests.test_subd_runner_regressions" name="test_runner_overlay_fails_closed_before_nav_becomes_nonpositive_or_nonfinite[-0.7]" time="0.010" /><testcase classname="tests.test_subd_runner_regressions" name="test_runner_overlay_fails_closed_before_nav_becomes_nonpositive_or_nonfinite[inf]" time="0.009" /><testcase classname="tests.test_subd_runner_regressions" name="test_runner_overlay_ledger_matches_poe_for_drift_and_hard_cap" time="0.037" /><testcase classname="tests.test_subd_runner_regressions" name="test_runner_and_poe_do_not_double_attribute_policy_turnover_to_hard_cap" time="0.031" /><testcase classname="tests.test_subd_runner_regressions" name="test_runner_overlay_stale_price_blocks_entire_rebalance_then_retries[embedded_columns]" time="0.020" /><testcase classname="tests.test_subd_runner_regressions" name="test_runner_overlay_stale_price_blocks_entire_rebalance_then_retries[explicit_mask]" time="0.020" /><testcase classname="tests.test_subd_runner_regressions" name="test_runner_zero_overheat_guard_preserves_position_state_until_stale_exit_is_executable" time="0.013" /><testcase classname="tests.test_subd_runner_regressions" name="test_runner_staged_entry_emits_each_asset_return_for_carried_state" time="0.010" /><testcase classname="tests.test_subd_runner_regressions" name="test_runner_performance_window_rebases_first_return_to_zero" time="0.008" /><testcase classname="tests.test_subd_runner_regressions" name="test_runner_performance_window_rejects_invalid_return_even_on_rebased_row[0-nan]" time="0.005" /><testcase classname="tests.test_subd_runner_regressions" name="test_runner_performance_window_rejects_invalid_return_even_on_rebased_row[0-inf]" time="0.006" /><testcase classname="tests.test_subd_runner_regressions" name="test_runner_performance_window_rejects_invalid_return_even_on_rebased_row[0--inf]" time="0.004" /><testcase classname="tests.test_subd_runner_regressions" name="test_runner_performance_window_rejects_invalid_return_even_on_rebased_row[0--1.0]" time="0.003" /><testcase classname="tests.test_subd_runner_regressions" name="test_runner_performance_window_rejects_invalid_return_even_on_rebased_row[0--1.01]" time="0.006" /><testcase classname="tests.test_subd_runner_regressions" name="test_runner_performance_window_rejects_invalid_return_even_on_rebased_row[1-nan]" time="0.004" /><testcase classname="tests.test_subd_runner_regressions" name="test_runner_performance_window_rejects_invalid_return_even_on_rebased_row[1-inf]" time="0.003" /><testcase classname="tests.test_subd_runner_regressions" name="test_runner_performance_window_rejects_invalid_return_even_on_rebased_row[1--inf]" time="0.006" /><testcase classname="tests.test_subd_runner_regressions" name="test_runner_performance_window_rejects_invalid_return_even_on_rebased_row[1--1.0]" time="0.005" /><testcase classname="tests.test_subd_runner_regressions" name="test_runner_performance_window_rejects_invalid_return_even_on_rebased_row[1--1.01]" time="0.004" /><testcase classname="tests.test_subd_runner_regressions" name="test_runner_target_vol_rejects_nonfinite_returns[nan]" time="0.007" /><testcase classname="tests.test_subd_runner_regressions" name="test_runner_target_vol_rejects_nonfinite_returns[inf]" time="0.004" /><testcase classname="tests.test_subd_runner_regressions" name="test_runner_target_vol_rejects_nonfinite_returns[-inf]" time="0.004" /><testcase classname="tests.test_subd_runner_regressions" name="test_runner_target_vol_rejects_nonfinite_returns[not-a-number]" time="0.004" /><testcase classname="tests.test_subd_runner_regressions" name="test_runner_target_vol_parameter_contract_matches_poe[True-2-1.5-target_vol]" time="0.003" /><testcase classname="tests.test_subd_runner_regressions" name="test_runner_target_vol_parameter_contract_matches_poe[nan-2-1.5-target_vol]" time="0.003" /><testcase classname="tests.test_subd_runner_regressions" name="test_runner_target_vol_parameter_contract_matches_poe[inf-2-1.5-target_vol]" time="0.005" /><testcase classname="tests.test_subd_runner_regressions" name="test_runner_target_vol_parameter_contract_matches_poe[0.0-2-1.5-target_vol]" time="0.004" /><testcase classname="tests.test_subd_runner_regressions" name="test_runner_target_vol_parameter_contract_matches_poe[0.25-True-1.5-vol_window]" time="0.004" /><testcase classname="tests.test_subd_runner_regressions" name="test_runner_target_vol_parameter_contract_matches_poe[0.25-2.5-1.5-vol_window]" time="0.004" /><testcase classname="tests.test_subd_runner_regressions" name="test_runner_target_vol_parameter_contract_matches_poe[0.25-1-1.5-vol_window]" time="0.005" /><testcase classname="tests.test_subd_runner_regressions" name="test_runner_target_vol_parameter_contract_matches_poe[0.25-2-True-max_lev]" time="0.004" /><testcase classname="tests.test_subd_runner_regressions" name="test_runner_target_vol_parameter_contract_matches_poe[0.25-2-nan-max_lev]" time="0.003" /><testcase classname="tests.test_subd_runner_regressions" name="test_runner_target_vol_parameter_contract_matches_poe[0.25-2-inf-max_lev]" time="0.003" /><testcase classname="tests.test_subd_runner_regressions" name="test_runner_target_vol_parameter_contract_matches_poe[0.25-2--0.01-max_lev]" time="0.006" /><testcase classname="tests.test_subd_runner_regressions" name="test_runner_target_vol_warmup_scale_respects_max_leverage" time="0.007" /><testcase classname="tests.test_subd_runner_regressions" name="test_runner_mandatory_performance_windows_include_full_and_10y" time="0.060" /><testcase classname="tests.test_subd_runner_regressions" name="test_runner_performance_windows_reject_non_unique_or_non_increasing_dates[duplicate]" time="0.046" /><testcase classname="tests.test_subd_runner_regressions" name="test_runner_performance_windows_reject_non_unique_or_non_increasing_dates[decreasing]" time="0.046" /><testcase classname="tests.test_subd_runner_regressions" name="test_runner_performance_window_rejects_insufficient_rows_for_named_horizon" time="0.007" /><testcase classname="tests.test_subd_runner_regressions" name="test_runner_raw_sina_results_are_explicitly_diagnostic_only" time="0.003" /><testcase classname="tests.test_subd_runner_regressions" name="test_runner_evidence_annotation_is_written_into_every_output_row" time="0.006" /><testcase classname="tests.test_subd_runner_regressions" name="test_runner_build_curves_cannot_return_unlabelled_raw_results" time="0.006" /><testcase classname="tests.test_subd_runner_regressions" name="test_runner_expected_cn_trading_days_uses_local_cache_when_research_helper_missing" time="0.011" /><testcase classname="tests.test_subd_runner_regressions" name="test_poe_default_performance_ranges_include_mandatory_windows_when_sample_start_known" time="0.006" /></testsuite></testsuites>